2026-02-18 11:30:31,610 - main - INFO - Запуск бота Sales Ottenok...
2026-02-18 11:30:32,019 - gdrive.photo_mapper - INFO - Loaded photo index: 1 products
2026-02-18 11:30:32,019 - main - INFO - Green API polling enabled.
2026-02-18 11:30:32,020 - scheduler.nudge_scheduler - INFO - Запуск nudge scheduler...
2026-02-18 11:30:32,057 - apscheduler.scheduler - INFO - Adding job tentatively -- it will be properly scheduled when the scheduler starts
2026-02-18 11:30:32,061 - apscheduler.scheduler - INFO - Added job "Check and send nudges" to job store "default"
2026-02-18 11:30:32,061 - apscheduler.scheduler - INFO - Scheduler started
2026-02-18 11:30:32,062 - scheduler.nudge_scheduler - INFO - Nudge scheduler запущен (проверка каждые 5 минут)
2026-02-18 11:30:32,062 - main - INFO - Nudge scheduler started.
2026-02-18 11:30:32,063 - main - INFO - Бот готов к работе!
2026-02-18 11:30:38,248 - httpx - INFO - HTTP Request: GET https://api.green-api.com/waInstance7103508280/receiveNotification/637e52bb8e0c4299b84148411c4dc8975ccef86ff2e0448982 "HTTP/1.1 200 OK"
2026-02-18 11:30:46,195 - httpx - INFO - HTTP Request: GET https://api.green-api.com/waInstance7103508280/receiveNotification/637e52bb8e0c4299b84148411c4dc8975ccef86ff2e0448982 "HTTP/1.1 200 OK"
2026-02-18 11:30:54,094 - httpx - INFO - HTTP Request: GET https://api.green-api.com/waInstance7103508280/receiveNotification/637e52bb8e0c4299b84148411c4dc8975ccef86ff2e0448982 "HTTP/1.1 200 OK"
2026-02-18 11:31:01,979 - httpx - INFO - HTTP Request: GET https://api.green-api.com/waInstance7103508280/receiveNotification/637e52bb8e0c4299b84148411c4dc8975ccef86ff2e0448982 "HTTP/1.1 200 OK"
2026-02-18 11:31:09,859 - httpx - INFO - HTTP Request: GET https://api.green-api.com/waInstance7103508280/receiveNotification/637e52bb8e0c4299b84148411c4dc8975ccef86ff2e0448982 "HTTP/1.1 200 OK"
2026-02-18 11:31:17,839 - httpx - INFO - HTTP Request: GET https://api.green-api.com/waInstance7103508280/receiveNotification/637e52bb8e0c4299b84148411c4dc8975ccef86ff2e0448982 "HTTP/1.1 200 OK"
2026-02-18 11:31:22,766 - httpx - INFO - HTTP Request: GET https://api.green-api.com/waInstance7103508280/receiveNotification/637e52bb8e0c4299b84148411c4dc8975ccef86ff2e0448982 "HTTP/1.1 200 OK"
2026-02-18 11:31:22,766 - greenapi.poller - INFO - [poll] Non-message notification: outgoingMessageStatus
2026-02-18 11:31:23,656 - httpx - INFO - HTTP Request: DELETE https://api.green-api.com/waInstance7103508280/deleteNotification/637e52bb8e0c4299b84148411c4dc8975ccef86ff2e0448982/3 "HTTP/1.1 200 OK"
2026-02-18 11:31:26,561 - httpx - INFO - HTTP Request: GET https://api.green-api.com/waInstance7103508280/receiveNotification/637e52bb8e0c4299b84148411c4dc8975ccef86ff2e0448982 "HTTP/1.1 200 OK"
2026-02-18 11:31:26,561 - greenapi.poller - INFO - [poll] Non-message notification: outgoingMessageStatus
2026-02-18 11:31:27,456 - httpx - INFO - HTTP Request: DELETE https://api.green-api.com/waInstance7103508280/deleteNotification/637e52bb8e0c4299b84148411c4dc8975ccef86ff2e0448982/4 "HTTP/1.1 200 OK"
2026-02-18 11:31:33,343 - httpx - INFO - HTTP Request: GET https://api.green-api.com/waInstance7103508280/receiveNotification/637e52bb8e0c4299b84148411c4dc8975ccef86ff2e0448982 "HTTP/1.1 200 OK"
2026-02-18 11:31:41,308 - httpx - INFO - HTTP Request: GET https://api.green-api.com/waInstance7103508280/receiveNotification/637e52bb8e0c4299b84148411c4dc8975ccef86ff2e0448982 "HTTP/1.1 200 OK"
2026-02-18 11:31:44,697 - httpx - INFO - HTTP Request: GET https://api.green-api.com/waInstance7103508280/receiveNotification/637e52bb8e0c4299b84148411c4dc8975ccef86ff2e0448982 "HTTP/1.1 200 OK"
2026-02-18 11:31:44,697 - greenapi.poller - INFO - [poll] Non-message notification: outgoingMessageStatus
2026-02-18 11:31:46,129 - httpx - INFO - HTTP Request: DELETE https://api.green-api.com/waInstance7103508280/deleteNotification/637e52bb8e0c4299b84148411c4dc8975ccef86ff2e0448982/7 "HTTP/1.1 200 OK"
2026-02-18 11:31:48,556 - httpx - INFO - HTTP Request: GET https://api.green-api.com/waInstance7103508280/receiveNotification/637e52bb8e0c4299b84148411c4dc8975ccef86ff2e0448982 "HTTP/1.1 200 OK"
2026-02-18 11:31:48,556 - greenapi.poller - INFO - [poll] Non-message notification: outgoingMessageStatus
2026-02-18 11:31:49,941 - httpx - INFO - HTTP Request: DELETE https://api.green-api.com/waInstance7103508280/deleteNotification/637e52bb8e0c4299b84148411c4dc8975ccef86ff2e0448982/8 "HTTP/1.1 200 OK"
2026-02-18 11:31:51,353 - httpx - INFO - HTTP Request: GET https://api.green-api.com/waInstance7103508280/receiveNotification/637e52bb8e0c4299b84148411c4dc8975ccef86ff2e0448982 "HTTP/1.1 200 OK"
2026-02-18 11:31:51,353 - greenapi.poller - INFO - [poll] Non-message notification: outgoingMessageStatus
2026-02-18 11:31:52,673 - httpx - INFO - HTTP Request: DELETE https://api.green-api.com/waInstance7103508280/deleteNotification/637e52bb8e0c4299b84148411c4dc8975ccef86ff2e0448982/10 "HTTP/1.1 200 OK"
2026-02-18 11:31:54,017 - httpx - INFO - HTTP Request: GET https://api.green-api.com/waInstance7103508280/receiveNotification/637e52bb8e0c4299b84148411c4dc8975ccef86ff2e0448982 "HTTP/1.1 200 OK"
2026-02-18 11:31:54,017 - greenapi.poller - INFO - [poll] Non-message notification: outgoingMessageStatus
2026-02-18 11:31:59,134 - httpx - INFO - HTTP Request: DELETE https://api.green-api.com/waInstance7103508280/deleteNotification/637e52bb8e0c4299b84148411c4dc8975ccef86ff2e0448982/14 "HTTP/1.1 200 OK"
2026-02-18 11:32:00,475 - httpx - INFO - HTTP Request: GET https://api.green-api.com/waInstance7103508280/receiveNotification/637e52bb8e0c4299b84148411c4dc8975ccef86ff2e0448982 "HTTP/1.1 200 OK"
2026-02-18 11:32:00,475 - greenapi.poller - INFO - [poll] Non-message notification: outgoingMessageStatus
2026-02-18 11:32:01,897 - httpx - INFO - HTTP Request: DELETE https://api.green-api.com/waInstance7103508280/deleteNotification/637e52bb8e0c4299b84148411c4dc8975ccef86ff2e0448982/20 "HTTP/1.1 200 OK"
2026-02-18 11:32:08,246 - httpx - INFO - HTTP Request: GET https://api.green-api.com/waInstance7103508280/receiveNotification/637e52bb8e0c4299b84148411c4dc8975ccef86ff2e0448982 "HTTP/1.1 200 OK"
2026-02-18 11:32:16,641 - httpx - INFO - HTTP Request: GET https://api.green-api.com/waInstance7103508280/receiveNotification/637e52bb8e0c4299b84148411c4dc8975ccef86ff2e0448982 "HTTP/1.1 200 OK"
2026-02-18 11:32:25,135 - httpx - INFO - HTTP Request: GET https://api.green-api.com/waInstance7103508280/receiveNotification/637e52bb8e0c4299b84148411c4dc8975ccef86ff2e0448982 "HTTP/1.1 200 OK"
2026-02-18 11:32:31,780 - httpx - INFO - HTTP Request: GET https://api.green-api.com/waInstance7103508280/receiveNotification/637e52bb8e0c4299b84148411c4dc8975ccef86ff2e0448982 "HTTP/1.1 200 OK"
2026-02-18 11:32:31,796 - greenapi.poller - INFO - [poll] Non-message notification: outgoingMessageStatus
2026-02-18 11:32:33,226 - httpx - INFO - HTTP Request: DELETE https://api.green-api.com/waInstance7103508280/deleteNotification/637e52bb8e0c4299b84148411c4dc8975ccef86ff2e0448982/27 "HTTP/1.1 200 OK"
2026-02-18 11:32:36,700 - httpx - INFO - HTTP Request: GET https://api.green-api.com/waInstance7103508280/receiveNotification/637e52bb8e0c4299b84148411c4dc8975ccef86ff2e0448982 "HTTP/1.1 200 OK"
2026-02-18 11:32:36,700 - greenapi.poller - INFO - [poll] Non-message notification: outgoingMessageStatus
2026-02-18 11:32:38,043 - httpx - INFO - HTTP Request: DELETE https://api.green-api.com/waInstance7103508280/deleteNotification/637e52bb8e0c4299b84148411c4dc8975ccef86ff2e0448982/29 "HTTP/1.1 200 OK"
2026-02-18 11:32:41,415 - httpx - INFO - HTTP Request: GET https://api.green-api.com/waInstance7103508280/receiveNotification/637e52bb8e0c4299b84148411c4dc8975ccef86ff2e0448982 "HTTP/1.1 200 OK"
2026-02-18 11:32:41,415 - greenapi.poller - INFO - [poll] Non-message notification: outgoingMessageStatus
2026-02-18 11:32:42,854 - httpx - INFO - HTTP Request: DELETE https://api.green-api.com/waInstance7103508280/deleteNotification/637e52bb8e0c4299b84148411c4dc8975ccef86ff2e0448982/31 "HTTP/1.1 200 OK"
2026-02-18 11:32:49,471 - httpx - INFO - HTTP Request: GET https://api.green-api.com/waInstance7103508280/receiveNotification/637e52bb8e0c4299b84148411c4dc8975ccef86ff2e0448982 "HTTP/1.1 200 OK"
2026-02-18 11:32:58,523 - httpx - INFO - HTTP Request: GET https://api.green-api.com/waInstance7103508280/receiveNotification/637e52bb8e0c4299b84148411c4dc8975ccef86ff2e0448982 "HTTP/1.1 200 OK"
2026-02-18 11:33:06,802 - httpx - INFO - HTTP Request: GET https://api.green-api.com/waInstance7103508280/receiveNotification/637e52bb8e0c4299b84148411c4dc8975ccef86ff2e0448982 "HTTP/1.1 200 OK"
2026-02-18 11:33:15,199 - httpx - INFO - HTTP Request: GET https://api.green-api.com/waInstance7103508280/receiveNotification/637e52bb8e0c4299b84148411c4dc8975ccef86ff2e0448982 "HTTP/1.1 200 OK"
2026-02-18 11:33:20,596 - httpx - INFO - HTTP Request: GET https://api.green-api.com/waInstance7103508280/receiveNotification/637e52bb8e0c4299b84148411c4dc8975ccef86ff2e0448982 "HTTP/1.1 200 OK"
2026-02-18 11:33:20,596 - greenapi.poller - INFO - [poll] Non-message notification: outgoingMessageStatus
2026-02-18 11:33:22,064 - httpx - INFO - HTTP Request: DELETE https://api.green-api.com/waInstance7103508280/deleteNotification/637e52bb8e0c4299b84148411c4dc8975ccef86ff2e0448982/37 "HTTP/1.1 200 OK"
2026-02-18 11:33:24,329 - httpx - INFO - HTTP Request: GET https://api.green-api.com/waInstance7103508280/receiveNotification/637e52bb8e0c4299b84148411c4dc8975ccef86ff2e0448982 "HTTP/1.1 200 OK"
2026-02-18 11:33:24,329 - greenapi.poller - INFO - [poll] Non-message notification: outgoingMessageStatus
2026-02-18 11:33:25,775 - httpx - INFO - HTTP Request: DELETE https://api.green-api.com/waInstance7103508280/deleteNotification/637e52bb8e0c4299b84148411c4dc8975ccef86ff2e0448982/39 "HTTP/1.1 200 OK"
2026-02-18 11:33:28,285 - httpx - INFO - HTTP Request: GET https://api.green-api.com/waInstance7103508280/receiveNotification/637e52bb8e0c4299b84148411c4dc8975ccef86ff2e0448982 "HTTP/1.1 200 OK"
2026-02-18 11:33:28,285 - greenapi.poller - INFO - [poll] Non-message notification: outgoingMessageStatus
2026-02-18 11:33:29,739 - httpx - INFO - HTTP Request: DELETE https://api.green-api.com/waInstance7103508280/deleteNotification/637e52bb8e0c4299b84148411c4dc8975ccef86ff2e0448982/41 "HTTP/1.1 200 OK"
2026-02-18 11:33:36,280 - httpx - INFO - HTTP Request: GET https://api.green-api.com/waInstance7103508280/receiveNotification/637e52bb8e0c4299b84148411c4dc8975ccef86ff2e0448982 "HTTP/1.1 200 OK"
2026-02-18 11:33:44,777 - httpx - INFO - HTTP Request: GET https://api.green-api.com/waInstance7103508280/receiveNotification/637e52bb8e0c4299b84148411c4dc8975ccef86ff2e0448982 "HTTP/1.1 200 OK"
2026-02-18 11:33:53,280 - httpx - INFO - HTTP Request: GET https://api.green-api.com/waInstance7103508280/receiveNotification/637e52bb8e0c4299b84148411c4dc8975ccef86ff2e0448982 "HTTP/1.1 200 OK"
2026-02-18 11:34:04,130 - httpx - INFO - HTTP Request: GET https://api.green-api.com/waInstance7103508280/receiveNotification/637e52bb8e0c4299b84148411c4dc8975ccef86ff2e0448982 "HTTP/1.1 200 OK"
2026-02-18 11:34:12,632 - httpx - INFO - HTTP Request: GET https://api.green-api.com/waInstance7103508280/receiveNotification/637e52bb8e0c4299b84148411c4dc8975ccef86ff2e0448982 "HTTP/1.1 200 OK"
2026-02-18 11:34:21,022 - httpx - INFO - HTTP Request: GET https://api.green-api.com/waInstance7103508280/receiveNotification/637e52bb8e0c4299b84148411c4dc8975ccef86ff2e0448982 "HTTP/1.1 200 OK"
2026-02-18 11:34:29,368 - httpx - INFO - HTTP Request: GET https://api.green-api.com/waInstance7103508280/receiveNotification/637e52bb8e0c4299b84148411c4dc8975ccef86ff2e0448982 "HTTP/1.1 200 OK"
2026-02-18 11:34:37,707 - httpx - INFO - HTTP Request: GET https://api.green-api.com/waInstance7103508280/receiveNotification/637e52bb8e0c4299b84148411c4dc8975ccef86ff2e0448982 "HTTP/1.1 200 OK"
2026-02-18 11:34:46,211 - httpx - INFO - HTTP Request: GET https://api.green-api.com/waInstance7103508280/receiveNotification/637e52bb8e0c4299b84148411c4dc8975ccef86ff2e0448982 "HTTP/1.1 200 OK"
2026-02-18 11:34:54,707 - httpx - INFO - HTTP Request: GET https://api.green-api.com/waInstance7103508280/receiveNotification/637e52bb8e0c4299b84148411c4dc8975ccef86ff2e0448982 "HTTP/1.1 200 OK"
2026-02-18 11:35:03,499 - httpx - INFO - HTTP Request: GET https://api.green-api.com/waInstance7103508280/receiveNotification/637e52bb8e0c4299b84148411c4dc8975ccef86ff2e0448982 "HTTP/1.1 200 OK"
2026-02-18 11:35:12,007 - httpx - INFO - HTTP Request: GET https://api.green-api.com/waInstance7103508280/receiveNotification/637e52bb8e0c4299b84148411c4dc8975ccef86ff2e0448982 "HTTP/1.1 200 OK"
2026-02-18 11:35:20,393 - httpx - INFO - HTTP Request: GET https://api.green-api.com/waInstance7103508280/receiveNotification/637e52bb8e0c4299b84148411c4dc8975ccef86ff2e0448982 "HTTP/1.1 200 OK"
2026-02-18 11:35:28,799 - httpx - INFO - HTTP Request: GET https://api.green-api.com/waInstance7103508280/receiveNotification/637e52bb8e0c4299b84148411c4dc8975ccef86ff2e0448982 "HTTP/1.1 200 OK"
2026-02-18 11:35:32,064 - apscheduler.executors.default - INFO - Running job "Check and send nudges (trigger: interval[0:05:00], next run at: 2026-02-18 11:40:32 +05)" (scheduled at 2026-02-18 11:35:32.057503+05:00)
2026-02-18 11:35:32,075 - apscheduler.executors.default - INFO - Job "Check and send nudges (trigger: interval[0:05:00], next run at: 2026-02-18 11:40:32 +05)" executed successfully
2026-02-18 11:35:37,194 - httpx - INFO - HTTP Request: GET https://api.green-api.com/waInstance7103508280/receiveNotification/637e52bb8e0c4299b84148411c4dc8975ccef86ff2e0448982 "HTTP/1.1 200 OK"
2026-02-18 11:35:45,566 - httpx - INFO - HTTP Request: GET https://api.green-api.com/waInstance7103508280/receiveNotification/637e52bb8e0c4299b84148411c4dc8975ccef86ff2e0448982 "HTTP/1.1 200 OK"
2026-02-18 11:35:54,086 - httpx - INFO - HTTP Request: GET https://api.green-api.com/waInstance7103508280/receiveNotification/637e52bb8e0c4299b84148411c4dc8975ccef86ff2e0448982 "HTTP/1.1 200 OK"
2026-02-18 11:36:04,211 - httpx - INFO - HTTP Request: GET https://api.green-api.com/waInstance7103508280/receiveNotification/637e52bb8e0c4299b84148411c4dc8975ccef86ff2e0448982 "HTTP/1.1 200 OK"
2026-02-18 11:36:12,708 - httpx - INFO - HTTP Request: GET https://api.green-api.com/waInstance7103508280/receiveNotification/637e52bb8e0c4299b84148411c4dc8975ccef86ff2e0448982 "HTTP/1.1 200 OK"
2026-02-18 11:36:21,317 - httpx - INFO - HTTP Request: GET https://api.green-api.com/waInstance7103508280/receiveNotification/637e52bb8e0c4299b84148411c4dc8975ccef86ff2e0448982 "HTTP/1.1 200 OK"
2026-02-18 11:36:29,814 - httpx - INFO - HTTP Request: GET https://api.green-api.com/waInstance7103508280/receiveNotification/637e52bb8e0c4299b84148411c4dc8975ccef86ff2e0448982 "HTTP/1.1 200 OK"
2026-02-18 11:36:38,264 - httpx - INFO - HTTP Request: GET https://api.green-api.com/waInstance7103508280/receiveNotification/637e52bb8e0c4299b84148411c4dc8975ccef86ff2e0448982 "HTTP/1.1 200 OK"
2026-02-18 11:36:46,856 - httpx - INFO - HTTP Request: GET https://api.green-api.com/waInstance7103508280/receiveNotification/637e52bb8e0c4299b84148411c4dc8975ccef86ff2e0448982 "HTTP/1.1 200 OK"
2026-02-18 11:36:58,518 - httpx - INFO - HTTP Request: GET https://api.green-api.com/waInstance7103508280/receiveNotification/637e52bb8e0c4299b84148411c4dc8975ccef86ff2e0448982 "HTTP/1.1 200 OK"
2026-02-18 11:37:06,977 - httpx - INFO - HTTP Request: GET https://api.green-api.com/waInstance7103508280/receiveNotification/637e52bb8e0c4299b84148411c4dc8975ccef86ff2e0448982 "HTTP/1.1 200 OK"
2026-02-18 11:37:15,475 - httpx - INFO - HTTP Request: GET https://api.green-api.com/waInstance7103508280/receiveNotification/637e52bb8e0c4299b84148411c4dc8975ccef86ff2e0448982 "HTTP/1.1 200 OK"
2026-02-18 11:37:23,972 - httpx - INFO - HTTP Request: GET https://api.green-api.com/waInstance7103508280/receiveNotification/637e52bb8e0c4299b84148411c4dc8975ccef86ff2e0448982 "HTTP/1.1 200 OK"
2026-02-18 11:37:32,248 - httpx - INFO - HTTP Request: GET https://api.green-api.com/waInstance7103508280/receiveNotification/637e52bb8e0c4299b84148411c4dc8975ccef86ff2e0448982 "HTTP/1.1 200 OK"
2026-02-18 11:37:41,683 - httpx - INFO - HTTP Request: GET https://api.green-api.com/waInstance7103508280/receiveNotification/637e52bb8e0c4299b84148411c4dc8975ccef86ff2e0448982 "HTTP/1.1 200 OK"
2026-02-18 11:37:50,077 - httpx - INFO - HTTP Request: GET https://api.green-api.com/waInstance7103508280/receiveNotification/637e52bb8e0c4299b84148411c4dc8975ccef86ff2e0448982 "HTTP/1.1 200 OK"
2026-02-18 11:37:58,573 - httpx - INFO - HTTP Request: GET https://api.green-api.com/waInstance7103508280/receiveNotification/637e52bb8e0c4299b84148411c4dc8975ccef86ff2e0448982 "HTTP/1.1 200 OK"
2026-02-18 11:38:07,072 - httpx - INFO - HTTP Request: GET https://api.green-api.com/waInstance7103508280/receiveNotification/637e52bb8e0c4299b84148411c4dc8975ccef86ff2e0448982 "HTTP/1.1 200 OK"
2026-02-18 11:38:15,366 - httpx - INFO - HTTP Request: GET https://api.green-api.com/waInstance7103508280/receiveNotification/637e52bb8e0c4299b84148411c4dc8975ccef86ff2e0448982 "HTTP/1.1 200 OK"
2026-02-18 11:38:23,748 - httpx - INFO - HTTP Request: GET https://api.green-api.com/waInstance7103508280/receiveNotification/637e52bb8e0c4299b84148411c4dc8975ccef86ff2e0448982 "HTTP/1.1 200 OK"
2026-02-18 11:38:32,220 - httpx - INFO - HTTP Request: GET https://api.green-api.com/waInstance7103508280/receiveNotification/637e52bb8e0c4299b84148411c4dc8975ccef86ff2e0448982 "HTTP/1.1 200 OK"
2026-02-18 11:38:40,642 - httpx - INFO - HTTP Request: GET https://api.green-api.com/waInstance7103508280/receiveNotification/637e52bb8e0c4299b84148411c4dc8975ccef86ff2e0448982 "HTTP/1.1 200 OK"
2026-02-18 11:38:49,338 - httpx - INFO - HTTP Request: GET https://api.green-api.com/waInstance7103508280/receiveNotification/637e52bb8e0c4299b84148411c4dc8975ccef86ff2e0448982 "HTTP/1.1 200 OK"
2026-02-18 11:38:58,565 - httpx - INFO - HTTP Request: GET https://api.green-api.com/waInstance7103508280/receiveNotification/637e52bb8e0c4299b84148411c4dc8975ccef86ff2e0448982 "HTTP/1.1 200 OK"
2026-02-18 11:39:06,857 - httpx - INFO - HTTP Request: GET https://api.green-api.com/waInstance7103508280/receiveNotification/637e52bb8e0c4299b84148411c4dc8975ccef86ff2e0448982 "HTTP/1.1 200 OK"
2026-02-18 11:39:15,212 - httpx - INFO - HTTP Request: GET https://api.green-api.com/waInstance7103508280/receiveNotification/637e52bb8e0c4299b84148411c4dc8975ccef86ff2e0448982 "HTTP/1.1 200 OK"
2026-02-18 11:39:23,648 - httpx - INFO - HTTP Request: GET https://api.green-api.com/waInstance7103508280/receiveNotification/637e52bb8e0c4299b84148411c4dc8975ccef86ff2e0448982 "HTTP/1.1 200 OK"
2026-02-18 11:39:32,011 - httpx - INFO - HTTP Request: GET https://api.green-api.com/waInstance7103508280/receiveNotification/637e52bb8e0c4299b84148411c4dc8975ccef86ff2e0448982 "HTTP/1.1 200 OK"
2026-02-18 11:39:40,423 - httpx - INFO - HTTP Request: GET https://api.green-api.com/waInstance7103508280/receiveNotification/637e52bb8e0c4299b84148411c4dc8975ccef86ff2e0448982 "HTTP/1.1 200 OK"
2026-02-18 11:39:50,461 - httpx - INFO - HTTP Request: GET https://api.green-api.com/waInstance7103508280/receiveNotification/637e52bb8e0c4299b84148411c4dc8975ccef86ff2e0448982 "HTTP/1.1 200 OK"
2026-02-18 11:40:00,678 - httpx - INFO - HTTP Request: GET https://api.green-api.com/waInstance7103508280/receiveNotification/637e52bb8e0c4299b84148411c4dc8975ccef86ff2e0448982 "HTTP/1.1 200 OK"
2026-02-18 11:40:09,093 - httpx - INFO - HTTP Request: GET https://api.green-api.com/waInstance7103508280/receiveNotification/637e52bb8e0c4299b84148411c4dc8975ccef86ff2e0448982 "HTTP/1.1 200 OK"
2026-02-18 11:40:17,595 - httpx - INFO - HTTP Request: GET https://api.green-api.com/waInstance7103508280/receiveNotification/637e52bb8e0c4299b84148411c4dc8975ccef86ff2e0448982 "HTTP/1.1 200 OK"
2026-02-18 11:40:26,077 - httpx - INFO - HTTP Request: GET https://api.green-api.com/waInstance7103508280/receiveNotification/637e52bb8e0c4299b84148411c4dc8975ccef86ff2e0448982 "HTTP/1.1 200 OK"
2026-02-18 11:40:32,061 - apscheduler.executors.default - INFO - Running job "Check and send nudges (trigger: interval[0:05:00], next run at: 2026-02-18 11:45:32 +05)" (scheduled at 2026-02-18 11:40:32.057503+05:00)
2026-02-18 11:40:32,066 - apscheduler.executors.default - INFO - Job "Check and send nudges (trigger: interval[0:05:00], next run at: 2026-02-18 11:45:32 +05)" executed successfully
2026-02-18 11:40:34,585 - httpx - INFO - HTTP Request: GET https://api.green-api.com/waInstance7103508280/receiveNotification/637e52bb8e0c4299b84148411c4dc8975ccef86ff2e0448982 "HTTP/1.1 200 OK"
2026-02-18 11:40:42,838 - httpx - INFO - HTTP Request: GET https://api.green-api.com/waInstance7103508280/receiveNotification/637e52bb8e0c4299b84148411c4dc8975ccef86ff2e0448982 "HTTP/1.1 200 OK"
2026-02-18 11:40:51,179 - httpx - INFO - HTTP Request: GET https://api.green-api.com/waInstance7103508280/receiveNotification/637e52bb8e0c4299b84148411c4dc8975ccef86ff2e0448982 "HTTP/1.1 200 OK"
2026-02-18 11:40:59,676 - httpx - INFO - HTTP Request: GET https://api.green-api.com/waInstance7103508280/receiveNotification/637e52bb8e0c4299b84148411c4dc8975ccef86ff2e0448982 "HTTP/1.1 200 OK"
2026-02-18 11:41:08,181 - httpx - INFO - HTTP Request: GET https://api.green-api.com/waInstance7103508280/receiveNotification/637e52bb8e0c4299b84148411c4dc8975ccef86ff2e0448982 "HTTP/1.1 200 OK"
2026-02-18 11:41:16,863 - httpx - INFO - HTTP Request: GET https://api.green-api.com/waInstance7103508280/receiveNotification/637e52bb8e0c4299b84148411c4dc8975ccef86ff2e0448982 "HTTP/1.1 200 OK"
2026-02-18 11:41:25,373 - httpx - INFO - HTTP Request: GET https://api.green-api.com/waInstance7103508280/receiveNotification/637e52bb8e0c4299b84148411c4dc8975ccef86ff2e0448982 "HTTP/1.1 200 OK"
2026-02-18 11:41:33,758 - httpx - INFO - HTTP Request: GET https://api.green-api.com/waInstance7103508280/receiveNotification/637e52bb8e0c4299b84148411c4dc8975ccef86ff2e0448982 "HTTP/1.1 200 OK"
2026-02-18 11:41:42,139 - httpx - INFO - HTTP Request: GET https://api.green-api.com/waInstance7103508280/receiveNotification/637e52bb8e0c4299b84148411c4dc8975ccef86ff2e0448982 "HTTP/1.1 200 OK"
2026-02-18 11:41:51,737 - httpx - INFO - HTTP Request: GET https://api.green-api.com/waInstance7103508280/receiveNotification/637e52bb8e0c4299b84148411c4dc8975ccef86ff2e0448982 "HTTP/1.1 200 OK"
2026-02-18 11:42:03,961 - httpx - INFO - HTTP Request: GET https://api.green-api.com/waInstance7103508280/receiveNotification/637e52bb8e0c4299b84148411c4dc8975ccef86ff2e0448982 "HTTP/1.1 200 OK"
2026-02-18 11:42:12,317 - httpx - INFO - HTTP Request: GET https://api.green-api.com/waInstance7103508280/receiveNotification/637e52bb8e0c4299b84148411c4dc8975ccef86ff2e0448982 "HTTP/1.1 200 OK"
2026-02-18 11:42:20,574 - httpx - INFO - HTTP Request: GET https://api.green-api.com/waInstance7103508280/receiveNotification/637e52bb8e0c4299b84148411c4dc8975ccef86ff2e0448982 "HTTP/1.1 200 OK"
2026-02-18 11:42:28,924 - httpx - INFO - HTTP Request: GET https://api.green-api.com/waInstance7103508280/receiveNotification/637e52bb8e0c4299b84148411c4dc8975ccef86ff2e0448982 "HTTP/1.1 200 OK"
2026-02-18 11:42:37,270 - httpx - INFO - HTTP Request: GET https://api.green-api.com/waInstance7103508280/receiveNotification/637e52bb8e0c4299b84148411c4dc8975ccef86ff2e0448982 "HTTP/1.1 200 OK"
2026-02-18 11:42:45,728 - httpx - INFO - HTTP Request: GET https://api.green-api.com/waInstance7103508280/receiveNotification/637e52bb8e0c4299b84148411c4dc8975ccef86ff2e0448982 "HTTP/1.1 200 OK"
2026-02-18 11:42:54,125 - httpx - INFO - HTTP Request: GET https://api.green-api.com/waInstance7103508280/receiveNotification/637e52bb8e0c4299b84148411c4dc8975ccef86ff2e0448982 "HTTP/1.1 200 OK"
2026-02-18 11:43:02,670 - httpx - INFO - HTTP Request: GET https://api.green-api.com/waInstance7103508280/receiveNotification/637e52bb8e0c4299b84148411c4dc8975ccef86ff2e0448982 "HTTP/1.1 200 OK"
2026-02-18 11:43:11,026 - httpx - INFO - HTTP Request: GET https://api.green-api.com/waInstance7103508280/receiveNotification/637e52bb8e0c4299b84148411c4dc8975ccef86ff2e0448982 "HTTP/1.1 200 OK"
2026-02-18 11:43:20,702 - httpx - INFO - HTTP Request: GET https://api.green-api.com/waInstance7103508280/receiveNotification/637e52bb8e0c4299b84148411c4dc8975ccef86ff2e0448982 "HTTP/1.1 200 OK"
2026-02-18 11:43:29,099 - httpx - INFO - HTTP Request: GET https://api.green-api.com/waInstance7103508280/receiveNotification/637e52bb8e0c4299b84148411c4dc8975ccef86ff2e0448982 "HTTP/1.1 200 OK"
2026-02-18 11:43:37,540 - httpx - INFO - HTTP Request: GET https://api.green-api.com/waInstance7103508280/receiveNotification/637e52bb8e0c4299b84148411c4dc8975ccef86ff2e0448982 "HTTP/1.1 200 OK"
2026-02-18 11:43:45,934 - httpx - INFO - HTTP Request: GET https://api.green-api.com/waInstance7103508280/receiveNotification/637e52bb8e0c4299b84148411c4dc8975ccef86ff2e0448982 "HTTP/1.1 200 OK"
2026-02-18 11:43:54,419 - httpx - INFO - HTTP Request: GET https://api.green-api.com/waInstance7103508280/receiveNotification/637e52bb8e0c4299b84148411c4dc8975ccef86ff2e0448982 "HTTP/1.1 200 OK"
2026-02-18 11:44:02,929 - httpx - INFO - HTTP Request: GET https://api.green-api.com/waInstance7103508280/receiveNotification/637e52bb8e0c4299b84148411c4dc8975ccef86ff2e0448982 "HTTP/1.1 200 OK"
2026-02-18 11:44:11,526 - httpx - INFO - HTTP Request: GET https://api.green-api.com/waInstance7103508280/receiveNotification/637e52bb8e0c4299b84148411c4dc8975ccef86ff2e0448982 "HTTP/1.1 200 OK"
2026-02-18 11:44:19,821 - httpx - INFO - HTTP Request: GET https://api.green-api.com/waInstance7103508280/receiveNotification/637e52bb8e0c4299b84148411c4dc8975ccef86ff2e0448982 "HTTP/1.1 200 OK"
2026-02-18 11:44:28,215 - httpx - INFO - HTTP Request: GET https://api.green-api.com/waInstance7103508280/receiveNotification/637e52bb8e0c4299b84148411c4dc8975ccef86ff2e0448982 "HTTP/1.1 200 OK"
2026-02-18 11:44:36,604 - httpx - INFO - HTTP Request: GET https://api.green-api.com/waInstance7103508280/receiveNotification/637e52bb8e0c4299b84148411c4dc8975ccef86ff2e0448982 "HTTP/1.1 200 OK"
2026-02-18 11:44:45,002 - httpx - INFO - HTTP Request: GET https://api.green-api.com/waInstance7103508280/receiveNotification/637e52bb8e0c4299b84148411c4dc8975ccef86ff2e0448982 "HTTP/1.1 200 OK"
2026-02-18 11:44:53,391 - httpx - INFO - HTTP Request: GET https://api.green-api.com/waInstance7103508280/receiveNotification/637e52bb8e0c4299b84148411c4dc8975ccef86ff2e0448982 "HTTP/1.1 200 OK"
2026-02-18 11:45:04,047 - httpx - INFO - HTTP Request: GET https://api.green-api.com/waInstance7103508280/receiveNotification/637e52bb8e0c4299b84148411c4dc8975ccef86ff2e0448982 "HTTP/1.1 200 OK"
2026-02-18 11:45:12,449 - httpx - INFO - HTTP Request: GET https://api.green-api.com/waInstance7103508280/receiveNotification/637e52bb8e0c4299b84148411c4dc8975ccef86ff2e0448982 "HTTP/1.1 200 OK"
2026-02-18 11:45:21,950 - httpx - INFO - HTTP Request: GET https://api.green-api.com/waInstance7103508280/receiveNotification/637e52bb8e0c4299b84148411c4dc8975ccef86ff2e0448982 "HTTP/1.1 200 OK"
2026-02-18 11:45:30,350 - httpx - INFO - HTTP Request: GET https://api.green-api.com/waInstance7103508280/receiveNotification/637e52bb8e0c4299b84148411c4dc8975ccef86ff2e0448982 "HTTP/1.1 200 OK"
2026-02-18 11:45:32,068 - apscheduler.executors.default - INFO - Running job "Check and send nudges (trigger: interval[0:05:00], next run at: 2026-02-18 11:50:32 +05)" (scheduled at 2026-02-18 11:45:32.057503+05:00)
2026-02-18 11:45:32,068 - apscheduler.executors.default - INFO - Job "Check and send nudges (trigger: interval[0:05:00], next run at: 2026-02-18 11:50:32 +05)" executed successfully
2026-02-18 11:45:38,855 - httpx - INFO - HTTP Request: GET https://api.green-api.com/waInstance7103508280/receiveNotification/637e52bb8e0c4299b84148411c4dc8975ccef86ff2e0448982 "HTTP/1.1 200 OK"
2026-02-18 11:45:47,146 - httpx - INFO - HTTP Request: GET https://api.green-api.com/waInstance7103508280/receiveNotification/637e52bb8e0c4299b84148411c4dc8975ccef86ff2e0448982 "HTTP/1.1 200 OK"
2026-02-18 11:45:55,591 - httpx - INFO - HTTP Request: GET https://api.green-api.com/waInstance7103508280/receiveNotification/637e52bb8e0c4299b84148411c4dc8975ccef86ff2e0448982 "HTTP/1.1 200 OK"
2026-02-18 11:46:03,936 - httpx - INFO - HTTP Request: GET https://api.green-api.com/waInstance7103508280/receiveNotification/637e52bb8e0c4299b84148411c4dc8975ccef86ff2e0448982 "HTTP/1.1 200 OK"
2026-02-18 11:46:12,331 - httpx - INFO - HTTP Request: GET https://api.green-api.com/waInstance7103508280/receiveNotification/637e52bb8e0c4299b84148411c4dc8975ccef86ff2e0448982 "HTTP/1.1 200 OK"
2026-02-18 11:46:20,925 - httpx - INFO - HTTP Request: GET https://api.green-api.com/waInstance7103508280/receiveNotification/637e52bb8e0c4299b84148411c4dc8975ccef86ff2e0448982 "HTTP/1.1 200 OK"
2026-02-18 11:46:29,428 - httpx - INFO - HTTP Request: GET https://api.green-api.com/waInstance7103508280/receiveNotification/637e52bb8e0c4299b84148411c4dc8975ccef86ff2e0448982 "HTTP/1.1 200 OK"
2026-02-18 11:46:40,687 - httpx - INFO - HTTP Request: GET https://api.green-api.com/waInstance7103508280/receiveNotification/637e52bb8e0c4299b84148411c4dc8975ccef86ff2e0448982 "HTTP/1.1 200 OK"
2026-02-18 11:46:49,183 - httpx - INFO - HTTP Request: GET https://api.green-api.com/waInstance7103508280/receiveNotification/637e52bb8e0c4299b84148411c4dc8975ccef86ff2e0448982 "HTTP/1.1 200 OK"
2026-02-18 11:46:57,775 - httpx - INFO - HTTP Request: GET https://api.green-api.com/waInstance7103508280/receiveNotification/637e52bb8e0c4299b84148411c4dc8975ccef86ff2e0448982 "HTTP/1.1 200 OK"
2026-02-18 11:47:06,170 - httpx - INFO - HTTP Request: GET https://api.green-api.com/waInstance7103508280/receiveNotification/637e52bb8e0c4299b84148411c4dc8975ccef86ff2e0448982 "HTTP/1.1 200 OK"
2026-02-18 11:47:14,576 - httpx - INFO - HTTP Request: GET https://api.green-api.com/waInstance7103508280/receiveNotification/637e52bb8e0c4299b84148411c4dc8975ccef86ff2e0448982 "HTTP/1.1 200 OK"
2026-02-18 11:47:22,970 - httpx - INFO - HTTP Request: GET https://api.green-api.com/waInstance7103508280/receiveNotification/637e52bb8e0c4299b84148411c4dc8975ccef86ff2e0448982 "HTTP/1.1 200 OK"
2026-02-18 11:47:31,365 - httpx - INFO - HTTP Request: GET https://api.green-api.com/waInstance7103508280/receiveNotification/637e52bb8e0c4299b84148411c4dc8975ccef86ff2e0448982 "HTTP/1.1 200 OK"
2026-02-18 11:47:39,760 - httpx - INFO - HTTP Request: GET https://api.green-api.com/waInstance7103508280/receiveNotification/637e52bb8e0c4299b84148411c4dc8975ccef86ff2e0448982 "HTTP/1.1 200 OK"
2026-02-18 11:47:48,256 - httpx - INFO - HTTP Request: GET https://api.green-api.com/waInstance7103508280/receiveNotification/637e52bb8e0c4299b84148411c4dc8975ccef86ff2e0448982 "HTTP/1.1 200 OK"
2026-02-18 11:47:58,453 - httpx - INFO - HTTP Request: GET https://api.green-api.com/waInstance7103508280/receiveNotification/637e52bb8e0c4299b84148411c4dc8975ccef86ff2e0448982 "HTTP/1.1 200 OK"
2026-02-18 11:48:06,791 - httpx - INFO - HTTP Request: GET https://api.green-api.com/waInstance7103508280/receiveNotification/637e52bb8e0c4299b84148411c4dc8975ccef86ff2e0448982 "HTTP/1.1 200 OK"
2026-02-18 11:48:15,389 - httpx - INFO - HTTP Request: GET https://api.green-api.com/waInstance7103508280/receiveNotification/637e52bb8e0c4299b84148411c4dc8975ccef86ff2e0448982 "HTTP/1.1 200 OK"
2026-02-18 11:48:23,785 - httpx - INFO - HTTP Request: GET https://api.green-api.com/waInstance7103508280/receiveNotification/637e52bb8e0c4299b84148411c4dc8975ccef86ff2e0448982 "HTTP/1.1 200 OK"
2026-02-18 11:48:32,276 - httpx - INFO - HTTP Request: GET https://api.green-api.com/waInstance7103508280/receiveNotification/637e52bb8e0c4299b84148411c4dc8975ccef86ff2e0448982 "HTTP/1.1 200 OK"
2026-02-18 11:48:40,781 - httpx - INFO - HTTP Request: GET https://api.green-api.com/waInstance7103508280/receiveNotification/637e52bb8e0c4299b84148411c4dc8975ccef86ff2e0448982 "HTTP/1.1 200 OK"
2026-02-18 11:48:49,356 - httpx - INFO - HTTP Request: GET https://api.green-api.com/waInstance7103508280/receiveNotification/637e52bb8e0c4299b84148411c4dc8975ccef86ff2e0448982 "HTTP/1.1 200 OK"
2026-02-18 11:48:57,674 - httpx - INFO - HTTP Request: GET https://api.green-api.com/waInstance7103508280/receiveNotification/637e52bb8e0c4299b84148411c4dc8975ccef86ff2e0448982 "HTTP/1.1 200 OK"
2026-02-18 11:49:06,267 - httpx - INFO - HTTP Request: GET https://api.green-api.com/waInstance7103508280/receiveNotification/637e52bb8e0c4299b84148411c4dc8975ccef86ff2e0448982 "HTTP/1.1 200 OK"
2026-02-18 11:49:14,772 - httpx - INFO - HTTP Request: GET https://api.green-api.com/waInstance7103508280/receiveNotification/637e52bb8e0c4299b84148411c4dc8975ccef86ff2e0448982 "HTTP/1.1 200 OK"
2026-02-18 11:49:23,165 - httpx - INFO - HTTP Request: GET https://api.green-api.com/waInstance7103508280/receiveNotification/637e52bb8e0c4299b84148411c4dc8975ccef86ff2e0448982 "HTTP/1.1 200 OK"
2026-02-18 11:49:31,654 - httpx - INFO - HTTP Request: GET https://api.green-api.com/waInstance7103508280/receiveNotification/637e52bb8e0c4299b84148411c4dc8975ccef86ff2e0448982 "HTTP/1.1 200 OK"
2026-02-18 11:49:40,063 - httpx - INFO - HTTP Request: GET https://api.green-api.com/waInstance7103508280/receiveNotification/637e52bb8e0c4299b84148411c4dc8975ccef86ff2e0448982 "HTTP/1.1 200 OK"
2026-02-18 11:49:48,551 - httpx - INFO - HTTP Request: GET https://api.green-api.com/waInstance7103508280/receiveNotification/637e52bb8e0c4299b84148411c4dc8975ccef86ff2e0448982 "HTTP/1.1 200 OK"
2026-02-18 11:49:58,555 - httpx - INFO - HTTP Request: GET https://api.green-api.com/waInstance7103508280/receiveNotification/637e52bb8e0c4299b84148411c4dc8975ccef86ff2e0448982 "HTTP/1.1 200 OK"
2026-02-18 11:50:07,079 - httpx - INFO - HTTP Request: GET https://api.green-api.com/waInstance7103508280/receiveNotification/637e52bb8e0c4299b84148411c4dc8975ccef86ff2e0448982 "HTTP/1.1 200 OK"
2026-02-18 11:50:15,587 - httpx - INFO - HTTP Request: GET https://api.green-api.com/waInstance7103508280/receiveNotification/637e52bb8e0c4299b84148411c4dc8975ccef86ff2e0448982 "HTTP/1.1 200 OK"
2026-02-18 11:50:24,071 - httpx - INFO - HTTP Request: GET https://api.green-api.com/waInstance7103508280/receiveNotification/637e52bb8e0c4299b84148411c4dc8975ccef86ff2e0448982 "HTTP/1.1 200 OK"
2026-02-18 11:50:32,073 - apscheduler.executors.default - INFO - Running job "Check and send nudges (trigger: interval[0:05:00], next run at: 2026-02-18 11:55:32 +05)" (scheduled at 2026-02-18 11:50:32.057503+05:00)
2026-02-18 11:50:32,079 - apscheduler.executors.default - INFO - Job "Check and send nudges (trigger: interval[0:05:00], next run at: 2026-02-18 11:55:32 +05)" executed successfully
2026-02-18 11:50:32,364 - httpx - INFO - HTTP Request: GET https://api.green-api.com/waInstance7103508280/receiveNotification/637e52bb8e0c4299b84148411c4dc8975ccef86ff2e0448982 "HTTP/1.1 200 OK"
2026-02-18 11:50:40,760 - httpx - INFO - HTTP Request: GET https://api.green-api.com/waInstance7103508280/receiveNotification/637e52bb8e0c4299b84148411c4dc8975ccef86ff2e0448982 "HTTP/1.1 200 OK"
2026-02-18 11:50:49,470 - httpx - INFO - HTTP Request: GET https://api.green-api.com/waInstance7103508280/receiveNotification/637e52bb8e0c4299b84148411c4dc8975ccef86ff2e0448982 "HTTP/1.1 200 OK"
2026-02-18 11:50:58,485 - httpx - INFO - HTTP Request: GET https://api.green-api.com/waInstance7103508280/receiveNotification/637e52bb8e0c4299b84148411c4dc8975ccef86ff2e0448982 "HTTP/1.1 200 OK"
2026-02-18 11:51:06,881 - httpx - INFO - HTTP Request: GET https://api.green-api.com/waInstance7103508280/receiveNotification/637e52bb8e0c4299b84148411c4dc8975ccef86ff2e0448982 "HTTP/1.1 200 OK"
2026-02-18 11:51:15,375 - httpx - INFO - HTTP Request: GET https://api.green-api.com/waInstance7103508280/receiveNotification/637e52bb8e0c4299b84148411c4dc8975ccef86ff2e0448982 "HTTP/1.1 200 OK"
2026-02-18 11:51:23,595 - httpx - INFO - HTTP Request: GET https://api.green-api.com/waInstance7103508280/receiveNotification/637e52bb8e0c4299b84148411c4dc8975ccef86ff2e0448982 "HTTP/1.1 200 OK"
2026-02-18 11:51:32,068 - httpx - INFO - HTTP Request: GET https://api.green-api.com/waInstance7103508280/receiveNotification/637e52bb8e0c4299b84148411c4dc8975ccef86ff2e0448982 "HTTP/1.1 200 OK"
2026-02-18 11:51:40,545 - httpx - INFO - HTTP Request: GET https://api.green-api.com/waInstance7103508280/receiveNotification/637e52bb8e0c4299b84148411c4dc8975ccef86ff2e0448982 "HTTP/1.1 200 OK"
2026-02-18 11:51:49,053 - httpx - INFO - HTTP Request: GET https://api.green-api.com/waInstance7103508280/receiveNotification/637e52bb8e0c4299b84148411c4dc8975ccef86ff2e0448982 "HTTP/1.1 200 OK"
2026-02-18 11:51:57,553 - httpx - INFO - HTTP Request: GET https://api.green-api.com/waInstance7103508280/receiveNotification/637e52bb8e0c4299b84148411c4dc8975ccef86ff2e0448982 "HTTP/1.1 200 OK"
2026-02-18 11:52:06,058 - httpx - INFO - HTTP Request: GET https://api.green-api.com/waInstance7103508280/receiveNotification/637e52bb8e0c4299b84148411c4dc8975ccef86ff2e0448982 "HTTP/1.1 200 OK"
2026-02-18 11:52:14,546 - httpx - INFO - HTTP Request: GET https://api.green-api.com/waInstance7103508280/receiveNotification/637e52bb8e0c4299b84148411c4dc8975ccef86ff2e0448982 "HTTP/1.1 200 OK"
2026-02-18 11:52:23,050 - httpx - INFO - HTTP Request: GET https://api.green-api.com/waInstance7103508280/receiveNotification/637e52bb8e0c4299b84148411c4dc8975ccef86ff2e0448982 "HTTP/1.1 200 OK"
2026-02-18 11:52:31,450 - httpx - INFO - HTTP Request: GET https://api.green-api.com/waInstance7103508280/receiveNotification/637e52bb8e0c4299b84148411c4dc8975ccef86ff2e0448982 "HTTP/1.1 200 OK"
2026-02-18 11:52:39,841 - httpx - INFO - HTTP Request: GET https://api.green-api.com/waInstance7103508280/receiveNotification/637e52bb8e0c4299b84148411c4dc8975ccef86ff2e0448982 "HTTP/1.1 200 OK"
2026-02-18 11:52:48,333 - httpx - INFO - HTTP Request: GET https://api.green-api.com/waInstance7103508280/receiveNotification/637e52bb8e0c4299b84148411c4dc8975ccef86ff2e0448982 "HTTP/1.1 200 OK"
2026-02-18 11:53:00,015 - httpx - INFO - HTTP Request: GET https://api.green-api.com/waInstance7103508280/receiveNotification/637e52bb8e0c4299b84148411c4dc8975ccef86ff2e0448982 "HTTP/1.1 200 OK"
2026-02-18 11:53:08,438 - httpx - INFO - HTTP Request: GET https://api.green-api.com/waInstance7103508280/receiveNotification/637e52bb8e0c4299b84148411c4dc8975ccef86ff2e0448982 "HTTP/1.1 200 OK"
2026-02-18 11:53:16,732 - httpx - INFO - HTTP Request: GET https://api.green-api.com/waInstance7103508280/receiveNotification/637e52bb8e0c4299b84148411c4dc8975ccef86ff2e0448982 "HTTP/1.1 200 OK"
2026-02-18 11:53:25,082 - httpx - INFO - HTTP Request: GET https://api.green-api.com/waInstance7103508280/receiveNotification/637e52bb8e0c4299b84148411c4dc8975ccef86ff2e0448982 "HTTP/1.1 200 OK"
2026-02-18 11:53:33,474 - httpx - INFO - HTTP Request: GET https://api.green-api.com/waInstance7103508280/receiveNotification/637e52bb8e0c4299b84148411c4dc8975ccef86ff2e0448982 "HTTP/1.1 200 OK"
2026-02-18 11:53:41,890 - httpx - INFO - HTTP Request: GET https://api.green-api.com/waInstance7103508280/receiveNotification/637e52bb8e0c4299b84148411c4dc8975ccef86ff2e0448982 "HTTP/1.1 200 OK"
2026-02-18 11:53:50,386 - httpx - INFO - HTTP Request: GET https://api.green-api.com/waInstance7103508280/receiveNotification/637e52bb8e0c4299b84148411c4dc8975ccef86ff2e0448982 "HTTP/1.1 200 OK"
2026-02-18 11:53:58,884 - httpx - INFO - HTTP Request: GET https://api.green-api.com/waInstance7103508280/receiveNotification/637e52bb8e0c4299b84148411c4dc8975ccef86ff2e0448982 "HTTP/1.1 200 OK"
2026-02-18 11:54:07,646 - httpx - INFO - HTTP Request: GET https://api.green-api.com/waInstance7103508280/receiveNotification/637e52bb8e0c4299b84148411c4dc8975ccef86ff2e0448982 "HTTP/1.1 200 OK"
2026-02-18 11:54:16,085 - httpx - INFO - HTTP Request: GET https://api.green-api.com/waInstance7103508280/receiveNotification/637e52bb8e0c4299b84148411c4dc8975ccef86ff2e0448982 "HTTP/1.1 200 OK"
2026-02-18 11:54:24,579 - httpx - INFO - HTTP Request: GET https://api.green-api.com/waInstance7103508280/receiveNotification/637e52bb8e0c4299b84148411c4dc8975ccef86ff2e0448982 "HTTP/1.1 200 OK"
2026-02-18 11:54:32,976 - httpx - INFO - HTTP Request: GET https://api.green-api.com/waInstance7103508280/receiveNotification/637e52bb8e0c4299b84148411c4dc8975ccef86ff2e0448982 "HTTP/1.1 200 OK"
2026-02-18 11:54:41,371 - httpx - INFO - HTTP Request: GET https://api.green-api.com/waInstance7103508280/receiveNotification/637e52bb8e0c4299b84148411c4dc8975ccef86ff2e0448982 "HTTP/1.1 200 OK"
2026-02-18 11:54:49,851 - httpx - INFO - HTTP Request: GET https://api.green-api.com/waInstance7103508280/receiveNotification/637e52bb8e0c4299b84148411c4dc8975ccef86ff2e0448982 "HTTP/1.1 200 OK"
2026-02-18 11:54:58,571 - httpx - INFO - HTTP Request: GET https://api.green-api.com/waInstance7103508280/receiveNotification/637e52bb8e0c4299b84148411c4dc8975ccef86ff2e0448982 "HTTP/1.1 200 OK"
2026-02-18 11:55:06,969 - httpx - INFO - HTTP Request: GET https://api.green-api.com/waInstance7103508280/receiveNotification/637e52bb8e0c4299b84148411c4dc8975ccef86ff2e0448982 "HTTP/1.1 200 OK"
2026-02-18 11:55:15,468 - httpx - INFO - HTTP Request: GET https://api.green-api.com/waInstance7103508280/receiveNotification/637e52bb8e0c4299b84148411c4dc8975ccef86ff2e0448982 "HTTP/1.1 200 OK"
2026-02-18 11:55:24,040 - httpx - INFO - HTTP Request: GET https://api.green-api.com/waInstance7103508280/receiveNotification/637e52bb8e0c4299b84148411c4dc8975ccef86ff2e0448982 "HTTP/1.1 200 OK"
2026-02-18 11:55:32,066 - apscheduler.executors.default - INFO - Running job "Check and send nudges (trigger: interval[0:05:00], next run at: 2026-02-18 12:00:32 +05)" (scheduled at 2026-02-18 11:55:32.057503+05:00)
2026-02-18 11:55:32,069 - apscheduler.executors.default - INFO - Job "Check and send nudges (trigger: interval[0:05:00], next run at: 2026-02-18 12:00:32 +05)" executed successfully
2026-02-18 11:55:32,765 - httpx - INFO - HTTP Request: GET https://api.green-api.com/waInstance7103508280/receiveNotification/637e52bb8e0c4299b84148411c4dc8975ccef86ff2e0448982 "HTTP/1.1 200 OK"
2026-02-18 11:55:41,263 - httpx - INFO - HTTP Request: GET https://api.green-api.com/waInstance7103508280/receiveNotification/637e52bb8e0c4299b84148411c4dc8975ccef86ff2e0448982 "HTTP/1.1 200 OK"
2026-02-18 11:55:49,660 - httpx - INFO - HTTP Request: GET https://api.green-api.com/waInstance7103508280/receiveNotification/637e52bb8e0c4299b84148411c4dc8975ccef86ff2e0448982 "HTTP/1.1 200 OK"
2026-02-18 11:55:58,448 - httpx - INFO - HTTP Request: GET https://api.green-api.com/waInstance7103508280/receiveNotification/637e52bb8e0c4299b84148411c4dc8975ccef86ff2e0448982 "HTTP/1.1 200 OK"
2026-02-18 11:56:06,965 - httpx - INFO - HTTP Request: GET https://api.green-api.com/waInstance7103508280/receiveNotification/637e52bb8e0c4299b84148411c4dc8975ccef86ff2e0448982 "HTTP/1.1 200 OK"
2026-02-18 11:56:15,350 - httpx - INFO - HTTP Request: GET https://api.green-api.com/waInstance7103508280/receiveNotification/637e52bb8e0c4299b84148411c4dc8975ccef86ff2e0448982 "HTTP/1.1 200 OK"
2026-02-18 11:56:23,952 - httpx - INFO - HTTP Request: GET https://api.green-api.com/waInstance7103508280/receiveNotification/637e52bb8e0c4299b84148411c4dc8975ccef86ff2e0448982 "HTTP/1.1 200 OK"
2026-02-18 11:56:32,355 - httpx - INFO - HTTP Request: GET https://api.green-api.com/waInstance7103508280/receiveNotification/637e52bb8e0c4299b84148411c4dc8975ccef86ff2e0448982 "HTTP/1.1 200 OK"
2026-02-18 11:56:40,655 - httpx - INFO - HTTP Request: GET https://api.green-api.com/waInstance7103508280/receiveNotification/637e52bb8e0c4299b84148411c4dc8975ccef86ff2e0448982 "HTTP/1.1 200 OK"
2026-02-18 11:56:49,031 - httpx - INFO - HTTP Request: GET https://api.green-api.com/waInstance7103508280/receiveNotification/637e52bb8e0c4299b84148411c4dc8975ccef86ff2e0448982 "HTTP/1.1 200 OK"
2026-02-18 11:56:58,535 - httpx - INFO - HTTP Request: GET https://api.green-api.com/waInstance7103508280/receiveNotification/637e52bb8e0c4299b84148411c4dc8975ccef86ff2e0448982 "HTTP/1.1 200 OK"
2026-02-18 11:57:06,864 - httpx - INFO - HTTP Request: GET https://api.green-api.com/waInstance7103508280/receiveNotification/637e52bb8e0c4299b84148411c4dc8975ccef86ff2e0448982 "HTTP/1.1 200 OK"
2026-02-18 11:57:15,144 - httpx - INFO - HTTP Request: GET https://api.green-api.com/waInstance7103508280/receiveNotification/637e52bb8e0c4299b84148411c4dc8975ccef86ff2e0448982 "HTTP/1.1 200 OK"
2026-02-18 11:57:23,548 - httpx - INFO - HTTP Request: GET https://api.green-api.com/waInstance7103508280/receiveNotification/637e52bb8e0c4299b84148411c4dc8975ccef86ff2e0448982 "HTTP/1.1 200 OK"
